e:\desktop\projects\enhanced-plugin-template-special-conditions-partners\api plugin\x64\release\vc143.pdb
e:\desktop\projects\enhanced-plugin-template-special-conditions-partners\api plugin\x64\release\hooks.obj
e:\desktop\projects\enhanced-plugin-template-special-conditions-partners\api plugin\x64\release\condition.obj
e:\desktop\projects\enhanced-plugin-template-special-conditions-partners\api plugin\x64\release\patternscan.obj
e:\desktop\projects\enhanced-plugin-template-special-conditions-partners\api plugin\x64\release\movesetplus.obj
e:\desktop\projects\enhanced-plugin-template-special-conditions-partners\api plugin\x64\release\main.obj
e:\desktop\projects\enhanced-plugin-template-special-conditions-partners\api plugin\x64\release\mem.obj
e:\desktop\projects\enhanced-plugin-template-special-conditions-partners\x64\release\api plugin.lib
e:\desktop\projects\enhanced-plugin-template-special-conditions-partners\x64\release\api plugin.exp
e:\desktop\projects\enhanced-plugin-template-special-conditions-partners\x64\release\api plugin.dll
e:\desktop\projects\enhanced-plugin-template-special-conditions-partners\api plugin\x64\release\api plugin.ipdb
e:\desktop\projects\enhanced-plugin-template-special-conditions-partners\x64\release\api plugin.pdb
e:\desktop\projects\enhanced-plugin-template-special-conditions-partners\api plugin\x64\release\api plugin.iobj
e:\desktop\projects\enhanced-plugin-template-special-conditions-partners\api plugin\x64\release\api plugin.tlog\cl.command.1.tlog
e:\desktop\projects\enhanced-plugin-template-special-conditions-partners\api plugin\x64\release\api plugin.tlog\cl.read.1.tlog
e:\desktop\projects\enhanced-plugin-template-special-conditions-partners\api plugin\x64\release\api plugin.tlog\cl.write.1.tlog
e:\desktop\projects\enhanced-plugin-template-special-conditions-partners\api plugin\x64\release\api plugin.tlog\link.command.1.tlog
e:\desktop\projects\enhanced-plugin-template-special-conditions-partners\api plugin\x64\release\api plugin.tlog\link.read.1.tlog
e:\desktop\projects\enhanced-plugin-template-special-conditions-partners\api plugin\x64\release\api plugin.tlog\link.write.1.tlog
e:\desktop\projects\enhanced-plugin-template-special-conditions-partners\api plugin\x64\release\api plugin.tlog\link.write.2u.tlog
