C:\Program Files\Microsoft Visual Studio\2022\Community\MSBuild\Microsoft\VC\v170\Microsoft.CppBuild.targets(531,5): warning MSB8028: промежуточный каталог (x64\Release\) содержит файлы, которые используются совместно с другим проектом (API Plugin.vcxproj).  Это может привести к ошибкам очистки и перестроения.
cl : командная строка  warning D9035: использование параметра "Gm" нежелательно, он будет удален в следующих выпусках
  PatternScan.cpp
C:\Users\ARDOR\Desktop\C++ Projects\Special-Conditions-Partners\API Plugin\PatternScan.cpp(22,17): warning C4267: инициализация: преобразование из "size_t" в "int"; возможна потеря данных
  MovesetPlus.cpp
C:\Program Files\Microsoft Visual Studio\2022\Community\VC\Tools\MSVC\14.42.34433\include\format(42): warning STL4038: The contents of <format> are available only with C++20 or later.
C:\Users\ARDOR\Desktop\C++ Projects\Special-Conditions-Partners\API Plugin\MovesetPlus.cpp(190,23): warning C4244: =: преобразование "__int64" в "unsigned int", возможна потеря данных
  mem.h
  condition.cpp
C:\Users\ARDOR\Desktop\C++ Projects\Special-Conditions-Partners\API Plugin\condition.cpp(141,16): warning C4267: инициализация: преобразование из "size_t" в "int"; возможна потеря данных
C:\Users\ARDOR\Desktop\C++ Projects\Special-Conditions-Partners\API Plugin\condition.cpp(166,24): warning C4267: инициализация: преобразование из "size_t" в "int"; возможна потеря данных
C:\Users\ARDOR\Desktop\C++ Projects\Special-Conditions-Partners\API Plugin\condition.cpp(197,16): warning C4267: инициализация: преобразование из "size_t" в "int"; возможна потеря данных
C:\Users\ARDOR\Desktop\C++ Projects\Special-Conditions-Partners\API Plugin\condition.cpp(316,19): warning C4267: инициализация: преобразование из "size_t" в "int"; возможна потеря данных
C:\Users\ARDOR\Desktop\C++ Projects\Special-Conditions-Partners\API Plugin\condition.cpp(384,23): warning C4244: =: преобразование "__int64" в "int", возможна потеря данных
C:\Users\ARDOR\Desktop\C++ Projects\Special-Conditions-Partners\API Plugin\condition.cpp(385,46): warning C4244: аргумент: преобразование "__int64" в "unsigned int", возможна потеря данных
  Main.cpp
C:\Users\ARDOR\Desktop\C++ Projects\Special-Conditions-Partners\API Plugin\Main.cpp(30,12): warning C4834: удаление возвращаемого значения функции с атрибутом [[nodiscard]]
C:\Users\ARDOR\Desktop\C++ Projects\Special-Conditions-Partners\API Plugin\Main.cpp(36,20): warning C4834: удаление возвращаемого значения функции с атрибутом [[nodiscard]]
  hooks.cpp
C:\Users\ARDOR\Desktop\C++ Projects\Special-Conditions-Partners\API Plugin\hooks.cpp(344,10): warning C4018: <: несоответствие типов со знаком и без знака
     Создается библиотека C:\Users\ARDOR\Desktop\C++ Projects\Special-Conditions-Partners\x64\Release\Conditions.lib и объект C:\Users\ARDOR\Desktop\C++ Projects\Special-Conditions-Partners\x64\Release\Conditions.exp
  Создание кода
  1 of 660 functions ( 0.2%) were compiled, the rest were copied from previous compilation.
    0 functions were new in current compilation
    19 functions had inline decision re-evaluated but remain unchanged
  Создание кода завершено
  API Plugin.vcxproj -> C:\Users\ARDOR\Desktop\C++ Projects\Special-Conditions-Partners\x64\Release\Conditions.dll
