c:\users\ardor\desktop\c++ projects\special-conditions-partners\api plugin\x64\release\vc143.pdb
c:\users\ardor\desktop\c++ projects\special-conditions-partners\api plugin\x64\release\vc143.idb
c:\users\ardor\desktop\c++ projects\special-conditions-partners\api plugin\x64\release\hooks.obj
c:\users\ardor\desktop\c++ projects\special-conditions-partners\api plugin\x64\release\main.obj
c:\users\ardor\desktop\c++ projects\special-conditions-partners\api plugin\x64\release\condition.obj
c:\users\ardor\desktop\c++ projects\special-conditions-partners\api plugin\x64\release\mem.obj
c:\users\ardor\desktop\c++ projects\special-conditions-partners\api plugin\x64\release\movesetplus.obj
c:\users\ardor\desktop\c++ projects\special-conditions-partners\api plugin\x64\release\patternscan.obj
c:\users\ardor\desktop\c++ projects\special-conditions-partners\x64\release\conditions.lib
c:\users\ardor\desktop\c++ projects\special-conditions-partners\x64\release\conditions.exp
c:\users\ardor\desktop\c++ projects\special-conditions-partners\api plugin\x64\release\conditions.ipdb
c:\users\ardor\desktop\c++ projects\special-conditions-partners\api plugin\x64\release\conditions.iobj
c:\users\ardor\desktop\c++ projects\special-conditions-partners\x64\release\conditions.pdb
c:\users\ardor\desktop\c++ projects\special-conditions-partners\api plugin\x64\release\conditions.tlog\cl.command.1.tlog
c:\users\ardor\desktop\c++ projects\special-conditions-partners\api plugin\x64\release\conditions.tlog\cl.items.tlog
c:\users\ardor\desktop\c++ projects\special-conditions-partners\api plugin\x64\release\conditions.tlog\cl.read.1.tlog
c:\users\ardor\desktop\c++ projects\special-conditions-partners\api plugin\x64\release\conditions.tlog\cl.write.1.tlog
c:\users\ardor\desktop\c++ projects\special-conditions-partners\api plugin\x64\release\conditions.tlog\link.command.1.tlog
c:\users\ardor\desktop\c++ projects\special-conditions-partners\api plugin\x64\release\conditions.tlog\link.read.1.tlog
c:\users\ardor\desktop\c++ projects\special-conditions-partners\api plugin\x64\release\conditions.tlog\link.read.22.tlog
c:\users\ardor\desktop\c++ projects\special-conditions-partners\api plugin\x64\release\conditions.tlog\link.secondary.1.tlog
c:\users\ardor\desktop\c++ projects\special-conditions-partners\api plugin\x64\release\conditions.tlog\link.write.1.tlog
